Added Component: Designator=C7(T495E)
Add component (AddParameter): Name = "Arrow Part Number"; Value = "T495E107K025ATE100"; VariantName = "[No Variations]"
Add component (AddParameter): Name = "Arrow Price/Stock"; Value = "https://www.arrow.com/en/products/t495e107k025ate100/kemet-corporation"; VariantName = "[No Variations]"
Add component (AddParameter): Name = "Datasheet Link"; Value = "https://content.kemet.com/datasheets/KEM_T2009_T495.pdf"; VariantName = "[No Variations]"
Add component (AddParameter): Name = "Height"; Value = "3.8mm"; VariantName = "[No Variations]"
Add component (AddParameter): Name = "Manufacturer_Name"; Value = "KEMET"; VariantName = "[No Variations]"
Add component (AddParameter): Name = "Manufacturer_Part_Number"; Value = "T495E107K025ATE100"; VariantName = "[No Variations]"
Add component (AddParameter): Name = "Mouser Part Number"; Value = "80-T495E107K025"; VariantName = "[No Variations]"
Add component (AddParameter): Name = "Mouser Price/Stock"; Value = "https://www.mouser.co.uk/ProductDetail/KEMET/T495E107K025ATE100?qs=m0jdfl4MgCkmn%2F5ccqVs1Q%3D%3D"; VariantName = "[No Variations]"
Add component (AddParameter): Name = "Mouser Testing Part Number"; Value = ""; VariantName = "[No Variations]"
Add component (AddParameter): Name = "Mouser Testing Price/Stock"; Value = ""; VariantName = "[No Variations]"
Added Component: Designator=C9(T495C)
Add component (AddParameter): Name = "Arrow Part Number"; Value = "T495C226K025ATE300"; VariantName = "[No Variations]"
Add component (AddParameter): Name = "Arrow Price/Stock"; Value = "https://www.arrow.com/en/products/t495c226k025ate300/kemet-corporation"; VariantName = "[No Variations]"
Add component (AddParameter): Name = "Datasheet Link"; Value = "https://content.kemet.com/datasheets/KEM_T2009_T495.pdf"; VariantName = "[No Variations]"
Add component (AddParameter): Name = "Height"; Value = "2.8mm"; VariantName = "[No Variations]"
Add component (AddParameter): Name = "Manufacturer_Name"; Value = "KEMET"; VariantName = "[No Variations]"
Add component (AddParameter): Name = "Manufacturer_Part_Number"; Value = "T495C226K025ATE300"; VariantName = "[No Variations]"
Add component (AddParameter): Name = "Mouser Part Number"; Value = "80-T495C226K25E300"; VariantName = "[No Variations]"
Add component (AddParameter): Name = "Mouser Price/Stock"; Value = "https://www.mouser.co.uk/ProductDetail/KEMET/T495C226K025ATE300?qs=bQqEcw2qv2Rc8vCMsxIK1A%3D%3D"; VariantName = "[No Variations]"
Add component (AddParameter): Name = "Mouser Testing Part Number"; Value = ""; VariantName = "[No Variations]"
Add component (AddParameter): Name = "Mouser Testing Price/Stock"; Value = ""; VariantName = "[No Variations]"
Added Pin To Net: NetName=V5a Pin=C7-1
Added Pin To Net: NetName=GND Pin=C7-2
Added Pin To Net: NetName=V3.3 Pin=C9-1
Added Pin To Net: NetName=GND Pin=C9-2
Added Member To Class: ClassName=VoltageRegulator Member=Component C7 100uF
Added Member To Class: ClassName=VoltageRegulator Member=Component C9 22uF
